<?xml version="1.0" encoding="UTF-8"?>
<testsuite xmlns:xsi="http://www.w3.org/2001/XMLSchema-instance" xsi:noNamespaceSchemaLocation="https://maven.apache.org/surefire/maven-surefire-plugin/xsd/surefire-test-report-3.0.xsd" version="3.0" name="io.sinapsi.hive.cli.service.FileScaffolderTest" time="0.298" tests="9" errors="0" skipped="0" failures="0">
  <properties>
[...]
</properties>
  <testcase name="createArchTestGeneratesExpectedArchitectureTest" classname="io.sinapsi.hive.cli.service.FileScaffolderTest" time="0.157"/>
  <testcase name="createPortDoesNotDuplicatePortSuffix" classname="io.sinapsi.hive.cli.service.FileScaffolderTest" time="0.003"/>
  <testcase name="createUseCaseGeneratesExpectedFiles" classname="io.sinapsi.hive.cli.service.FileScaffolderTest" time="0.045"/>
  <testcase name="createModuleGeneratesExpectedFolders" classname="io.sinapsi.hive.cli.service.FileScaffolderTest" time="0.007"/>
  <testcase name="createAdapterGeneratesCompilableAdapterImplementingPort" classname="io.sinapsi.hive.cli.service.FileScaffolderTest" time="0.028"/>
  <testcase name="createUseCaseWithFactoryGeneratesExpectedFactory" classname="io.sinapsi.hive.cli.service.FileScaffolderTest" time="0.031"/>
  <testcase name="createUseCaseDoesNotDuplicateMavenDependencies" classname="io.sinapsi.hive.cli.service.FileScaffolderTest" time="0.003"/>
  <testcase name="initCreatesMarkerConfigAndSourceRoots" classname="io.sinapsi.hive.cli.service.FileScaffolderTest" time="0.002"/>
  <testcase name="createPortGeneratesCompilableOutputPort" classname="io.sinapsi.hive.cli.service.FileScaffolderTest" time="0.02"/>
</testsuite>