<?xml version="1.0" encoding="UTF-8"?>
<testsuite xmlns:xsi="http://www.w3.org/2001/XMLSchema-instance" xsi:noNamespaceSchemaLocation="https://maven.apache.org/surefire/maven-surefire-plugin/xsd/surefire-test-report-3.0.xsd" version="3.0" name="io.sinapsi.hive.adapters.file.LocalFileStorageAdapterTest" time="0.049" tests="9" errors="0" skipped="0" failures="0">
  <properties>
[...]
</properties>
  <testcase name="createsParentDirectoriesWhenSaving" classname="io.sinapsi.hive.adapters.file.LocalFileStorageAdapterTest" time="0.024"/>
  <testcase name="savesAndLoadsBytesInsideStorageRoot" classname="io.sinapsi.hive.adapters.file.LocalFileStorageAdapterTest" time="0.002"/>
  <testcase name="wrapsIoFailureWhenLoadingMissingFile" classname="io.sinapsi.hive.adapters.file.LocalFileStorageAdapterTest" time="0.0"/>
  <testcase name="normalizesRelativeSegmentsInsideStorageRoot" classname="io.sinapsi.hive.adapters.file.LocalFileStorageAdapterTest" time="0.001"/>
  <testcase name="rejectsNullContentWhenSaving" classname="io.sinapsi.hive.adapters.file.LocalFileStorageAdapterTest" time="0.001"/>
  <testcase name="implementsFileStoragePortAndOutputPort" classname="io.sinapsi.hive.adapters.file.LocalFileStorageAdapterTest" time="0.001"/>
  <testcase name="rejectsNullPath" classname="io.sinapsi.hive.adapters.file.LocalFileStorageAdapterTest" time="0.0"/>
  <testcase name="rejectsNullRoot" classname="io.sinapsi.hive.adapters.file.LocalFileStorageAdapterTest" time="0.001"/>
  <testcase name="rejectsPathTraversalOutsideStorageRoot" classname="io.sinapsi.hive.adapters.file.LocalFileStorageAdapterTest" time="0.001"/>
</testsuite>